<?xml version="1.0" encoding="UTF-8"?>
<testsuite xmlns:xsi="http://www.w3.org/2001/XMLSchema-instance" xsi:noNamespaceSchemaLocation="https://maven.apache.org/surefire/maven-surefire-plugin/xsd/surefire-test-report.xsd" version="3.0.2" name="com.bucketadapter.bucket_adapter.AWSBucketAdapterTest" time="0.207" tests="46" errors="0" skipped="0" failures="0">
  <properties>
[...]
</properties>
  <testcase name="flushBatchDeleteClearsBatchEvenOnException" classname="com.bucketadapter.bucket_adapter.AWSBucketAdapterTest" time="0.119"/>
  <testcase name="listNonRecursiveReturnsCommonPrefixesAndTopLevelObjects" classname="com.bucketadapter.bucket_adapter.AWSBucketAdapterTest" time="0.019"/>
  <testcase name="uploadMapsMissingBucketToBucketObjectNotFound" classname="com.bucketadapter.bucket_adapter.AWSBucketAdapterTest" time="0.005"/>
  <testcase name="listWrapsSdkExceptionsAsBucketOperation" classname="com.bucketadapter.bucket_adapter.AWSBucketAdapterTest" time="0.0"/>
  <testcase name="sharePresignsExistingObject" classname="com.bucketadapter.bucket_adapter.AWSBucketAdapterTest" time="0.019"/>
  <testcase name="uploadMapsSdkExceptionsToBucketOperation" classname="com.bucketadapter.bucket_adapter.AWSBucketAdapterTest" time="0.0"/>
  <testcase name="shareThrowsWhenObjectMissing" classname="com.bucketadapter.bucket_adapter.AWSBucketAdapterTest" time="0.0"/>
  <testcase name="downloadMapsBadRequestToInvalidBucketPath" classname="com.bucketadapter.bucket_adapter.AWSBucketAdapterTest" time="0.001"/>
  <testcase name="deleteNonRecursiveWrapsSdkExceptions" classname="com.bucketadapter.bucket_adapter.AWSBucketAdapterTest" time="0.001"/>
  <testcase name="doesExistsWrapsSdkExceptions" classname="com.bucketadapter.bucket_adapter.AWSBucketAdapterTest" time="0.0"/>
  <testcase name="deleteRecursiveMapsDeleteBatchSdkException" classname="com.bucketadapter.bucket_adapter.AWSBucketAdapterTest" time="0.001"/>
  <testcase name="doesExistsThrowsInvalidOnBadRequest" classname="com.bucketadapter.bucket_adapter.AWSBucketAdapterTest" time="0.001"/>
  <testcase name="downloadMapsSdkExceptionToBucketOperation" classname="com.bucketadapter.bucket_adapter.AWSBucketAdapterTest" time="0.0"/>
  <testcase name="shareMapsS3ExceptionFromPresigner" classname="com.bucketadapter.bucket_adapter.AWSBucketAdapterTest" time="0.001"/>
  <testcase name="doesExistsReturnsFalseWhenS3Reports404" classname="com.bucketadapter.bucket_adapter.AWSBucketAdapterTest" time="0.0"/>
  <testcase name="doesExistsThrowsBucketObjectNotFoundWhenBucketMissing" classname="com.bucketadapter.bucket_adapter.AWSBucketAdapterTest" time="0.0"/>
  <testcase name="shareWrapsSdkExceptionsRaisedDuringHeadCheck" classname="com.bucketadapter.bucket_adapter.AWSBucketAdapterTest" time="0.001"/>
  <testcase name="doesExistsWrapsUnhandledS3Exceptions" classname="com.bucketadapter.bucket_adapter.AWSBucketAdapterTest" time="0.0"/>
  <testcase name="deleteRecursiveMapsDeleteBatchS3Exception" classname="com.bucketadapter.bucket_adapter.AWSBucketAdapterTest" time="0.001"/>
  <testcase name="deleteNonRecursiveMapsMissingBucketToBucketObjectNotFound" classname="com.bucketadapter.bucket_adapter.AWSBucketAdapterTest" time="0.0"/>
  <testcase name="listThrowsBucketObjectNotFoundWhenBucketMissing" classname="com.bucketadapter.bucket_adapter.AWSBucketAdapterTest" time="0.0"/>
  <testcase name="deleteRecursiveWithoutPrefixThrowsInvalidPath" classname="com.bucketadapter.bucket_adapter.AWSBucketAdapterTest" time="0.001"/>
  <testcase name="deleteRecursivePrefixUsesPaginatorAndBatchDelete" classname="com.bucketadapter.bucket_adapter.AWSBucketAdapterTest" time="0.002"/>
  <testcase name="shareThrowsBucketObjectNotFoundWhenHeadReportsMissingBucket" classname="com.bucketadapter.bucket_adapter.AWSBucketAdapterTest" time="0.0"/>
  <testcase name="listTrimsRemoteAndUsesEmptyPrefixWhenPathMissing" classname="com.bucketadapter.bucket_adapter.AWSBucketAdapterTest" time="0.001"/>
  <testcase name="listRecursiveReturnsNestedKeysAndSkipsCommonPrefixes" classname="com.bucketadapter.bucket_adapter.AWSBucketAdapterTest" time="0.001"/>
  <testcase name="downloadMapsNoSuchBucketToBucketObjectNotFound" classname="com.bucketadapter.bucket_adapter.AWSBucketAdapterTest" time="0.0"/>
  <testcase name="deleteRecursiveMapsNoSuchBucketFromListCall" classname="com.bucketadapter.bucket_adapter.AWSBucketAdapterTest" time="0.0"/>
  <testcase name="deleteRecursiveMapsDeleteBatchNoSuchBucket" classname="com.bucketadapter.bucket_adapter.AWSBucketAdapterTest" time="0.001"/>
  <testcase name="uploadMapsBadRequestToInvalidBucketPath" classname="com.bucketadapter.bucket_adapter.AWSBucketAdapterTest" time="0.0"/>
  <testcase name="deleteRecursiveMapsS3ExceptionFromListCall" classname="com.bucketadapter.bucket_adapter.AWSBucketAdapterTest" time="0.001"/>
  <testcase name="flushBatchDeleteDoesNothingForEmptyBatch" classname="com.bucketadapter.bucket_adapter.AWSBucketAdapterTest" time="0.001"/>
  <testcase name="shareMapsNoSuchBucketToBucketObjectNotFound" classname="com.bucketadapter.bucket_adapter.AWSBucketAdapterTest" time="0.0"/>
  <testcase name="shareWrapsSdkExceptionFromPresigner" classname="com.bucketadapter.bucket_adapter.AWSBucketAdapterTest" time="0.001"/>
  <testcase name="listReturnsAllKeysFromPaginatorStream" classname="com.bucketadapter.bucket_adapter.AWSBucketAdapterTest" time="0.001"/>
  <testcase name="downloadReturnsBytesForValidRemote" classname="com.bucketadapter.bucket_adapter.AWSBucketAdapterTest" time="0.012"/>
  <testcase name="deleteRecursiveTreatsFilePathAsSingleObject" classname="com.bucketadapter.bucket_adapter.AWSBucketAdapterTest" time="0.0"/>
  <testcase name="uploadSendsPutObjectRequestForValidRemote" classname="com.bucketadapter.bucket_adapter.AWSBucketAdapterTest" time="0.001"/>
  <testcase name="shareThrowsInvalidWhenHeadReportsBadRequest" classname="com.bucketadapter.bucket_adapter.AWSBucketAdapterTest" time="0.0"/>
  <testcase name="deleteNonRecursiveMapsS3ExceptionToInvalidPath" classname="com.bucketadapter.bucket_adapter.AWSBucketAdapterTest" time="0.0"/>
  <testcase name="deleteRecursiveWrapsSdkExceptionsFromListCall" classname="com.bucketadapter.bucket_adapter.AWSBucketAdapterTest" time="0.001"/>
  <testcase name="listMapsS3ExceptionToInvalidBucketPath" classname="com.bucketadapter.bucket_adapter.AWSBucketAdapterTest" time="0.0"/>
  <testcase name="deleteRecursivePrefixWithNoObjectsSkipsBatchDelete" classname="com.bucketadapter.bucket_adapter.AWSBucketAdapterTest" time="0.001"/>
  <testcase name="deleteRecursiveFlushesWhenBatchReachesLimit" classname="com.bucketadapter.bucket_adapter.AWSBucketAdapterTest" time="0.001"/>
  <testcase name="flushBatchDeleteRejectsNullBatch" classname="com.bucketadapter.bucket_adapter.AWSBucketAdapterTest" time="0.0"/>
  <testcase name="deleteNonRecursiveSendsDeleteObjectRequest" classname="com.bucketadapter.bucket_adapter.AWSBucketAdapterTest" time="0.001"/>
</testsuite>